C:\DEV\RAYTRACER2\DEBUG\RAYTRACER.EXE
C:\DEV\RAYTRACER2\DEBUG\RAYTRACER.ILK
C:\DEV\RAYTRACER2\DEBUG\RAYTRACER.PDB
C:\dev\Raytracer2\Raytracer\Debug\cl.command.1.tlog
C:\dev\Raytracer2\Raytracer\Debug\CL.read.1.tlog
C:\dev\Raytracer2\Raytracer\Debug\CL.write.1.tlog
C:\DEV\RAYTRACER2\RAYTRACER\DEBUG\COMMON.OBJ
C:\DEV\RAYTRACER2\RAYTRACER\DEBUG\EASYBMP.OBJ
C:\dev\Raytracer2\Raytracer\Debug\link.command.1.tlog
C:\dev\Raytracer2\Raytracer\Debug\link.read.1.tlog
C:\dev\Raytracer2\Raytracer\Debug\link.write.1.tlog
C:\dev\Raytracer2\Raytracer\Debug\mt.command.1.tlog
C:\dev\Raytracer2\Raytracer\Debug\mt.read.1.tlog
C:\dev\Raytracer2\Raytracer\Debug\mt.write.1.tlog
C:\DEV\RAYTRACER2\RAYTRACER\DEBUG\PIXELMAP.OBJ
C:\DEV\RAYTRACER2\RAYTRACER\DEBUG\RAYTRACER.EXE.INTERMEDIATE.MANIFEST
C:\DEV\RAYTRACER2\RAYTRACER\DEBUG\RAYTRACER.OBJ
C:\dev\Raytracer2\Raytracer\Debug\Raytracer.write.1.tlog
C:\dev\Raytracer2\Raytracer\Debug\vc100.idb
C:\DEV\RAYTRACER2\RAYTRACER\DEBUG\VC100.PDB
